<?xml version="1.0" encoding="UTF-8"?>
<!-- Generated by org.testng.reporters.JUnitXMLReporter -->
<testsuite ignored="0" hostname="DESKTOP-10L7MMO" failures="0" tests="3" name="Default test" time="51.871" errors="0" timestamp="2026-01-28T16:35:05 IST">
  <testcase classname="Acti.Acting" name="firsttestcase" time="5.689"/>
  <testcase classname="Acti.Acting" name="firsttestcase" time="34.313"/>
  <testcase classname="Acti.Acting" name="firsttestcase" time="3.047"/>
</testsuite> <!-- Default test -->
