<?xml version="1.0" encoding="UTF-8"?>
<!-- Generated by org.testng.reporters.JUnitXMLReporter -->
<testsuite ignored="0" hostname="DESKTOP-10L7MMO" failures="1" tests="1" name="Test" time="0.811" errors="0" timestamp="2026-01-27T18:13:38 IST">
  <testcase classname="Acti.Acting" name="firsttestcase" time="0.752">
    <failure type="org.testng.internal.reflect.MethodMatcherException" message="
[public void Acti.Acting.firsttestcase(java.lang.String,java.lang.String)] has no parameters defined but was found to be using a data provider (either explicitly specified or inherited from class level annotation).
Data provider mismatch
Method: firsttestcase([java.lang.String arg0, java.lang.String arg1])
Arguments: [(java.lang.String) rajam@gmail.com,(java.lang.String) ty6y7uwyye,(java.lang.String) invaid]">
      <![CDATA[org.testng.internal.reflect.MethodMatcherException: 
[public void Acti.Acting.firsttestcase(java.lang.String,java.lang.String)] has no parameters defined but was found to be using a data provider (either explicitly specified or inherited from class level annotation).
Data provider mismatch
Method: firsttestcase([java.lang.String arg0, java.lang.String arg1])
Arguments: [(java.lang.String) rajam@gmail.com,(java.lang.String) ty6y7uwyye,(java.lang.String) invaid]
at java.base/java.util.ArrayList.forEach(ArrayList.java:1511)
... Removed 22 stack frames]]>
    </failure>
  </testcase> <!-- firsttestcase -->
</testsuite> <!-- Test -->
