<?xml version="1.0" encoding="UTF-8"?>
<!-- Generated by org.testng.reporters.JUnitReportReporter -->
<testsuite hostname="DESKTOP-10L7MMO" failures="0" tests="3" name="Acti.Acting" time="43.049" errors="0" timestamp="2026-01-28T16:35:05 IST" skipped="0">
  <testcase classname="Acti.Acting" name="firsttestcase" time="34.313"/>
  <testcase classname="Acti.Acting" name="firsttestcase" time="3.047"/>
  <testcase classname="Acti.Acting" name="firsttestcase" time="5.689"/>
</testsuite> <!-- Acti.Acting -->
